============================================================
 Testing: "TimeCraft"
 Python : "G:\Projects\Games\TimeCraft\.venv\Scripts\python.exe"
============================================================

================================================= test session starts =================================================
platform win32 -- Python 3.11.5, pytest-9.0.3, pluggy-1.6.0 -- G:\Projects\Games\TimeCraft\.venv\Scripts\python.exe
cachedir: .pytest_cache
rootdir: G:\Projects\Games\TimeCraft
collected 97 items

timecraft/test_timecraft.py::TestNormalize::test_exact_int PASSED                                                [  1%]
timecraft/test_timecraft.py::TestNormalize::test_midpoint_rounds PASSED                                          [  2%]
timecraft/test_timecraft.py::TestNormalize::test_negative PASSED                                                 [  3%]
timecraft/test_timecraft.py::TestNormalize::test_rounds_down PASSED                                              [  4%]
timecraft/test_timecraft.py::TestNormalize::test_rounds_up PASSED                                                [  5%]
timecraft/test_timecraft.py::TestNormalize::test_zero PASSED                                                     [  6%]
timecraft/test_timecraft.py::TestSectorize::test_boundary PASSED                                                 [  7%]
timecraft/test_timecraft.py::TestSectorize::test_different_sector_sizes PASSED                                   [  8%]
timecraft/test_timecraft.py::TestSectorize::test_large_coords PASSED                                             [  9%]
timecraft/test_timecraft.py::TestSectorize::test_negative_coords PASSED                                          [ 10%]
timecraft/test_timecraft.py::TestSectorize::test_origin PASSED                                                   [ 11%]
timecraft/test_timecraft.py::TestSectorize::test_within_sector PASSED                                            [ 12%]
timecraft/test_timecraft.py::TestSectorize::test_y_always_zero PASSED                                            [ 13%]
timecraft/test_timecraft.py::TestCubeVertices::test_all_faces_distinct PASSED                                    [ 14%]
timecraft/test_timecraft.py::TestCubeVertices::test_offset_position PASSED                                       [ 15%]
timecraft/test_timecraft.py::TestCubeVertices::test_returns_72_floats PASSED                                     [ 16%]
timecraft/test_timecraft.py::TestCubeVertices::test_size_scaling PASSED                                          [ 17%]
timecraft/test_timecraft.py::TestCubeVertices::test_symmetry_around_origin PASSED                                [ 18%]
timecraft/test_timecraft.py::TestConfig::test_faces_are_unit_vectors PASSED                                      [ 19%]
timecraft/test_timecraft.py::TestConfig::test_faces_count PASSED                                                 [ 20%]
timecraft/test_timecraft.py::TestConfig::test_jump_speed_formula PASSED                                          [ 21%]
timecraft/test_timecraft.py::TestConfig::test_particle_colours_are_rgba PASSED                                   [ 22%]
timecraft/test_timecraft.py::TestConfig::test_physics_constants_positive PASSED                                  [ 23%]
timecraft/test_timecraft.py::TestConfig::test_sector_size_positive PASSED                                        [ 24%]
timecraft/test_timecraft.py::TestConfig::test_speed_ordering PASSED                                              [ 25%]
timecraft/test_timecraft.py::TestConfig::test_texture_coords_are_lists PASSED                                    [ 26%]
timecraft/test_timecraft.py::TestConfig::test_texture_coords_length PASSED                                       [ 27%]
timecraft/test_timecraft.py::TestConfig::test_texture_path_ends_png PASSED                                       [ 28%]
timecraft/test_timecraft.py::TestConfig::test_texture_path_is_string PASSED                                      [ 29%]
timecraft/test_timecraft.py::TestConfig::test_ticks_per_sec_positive PASSED                                      [ 30%]
timecraft/test_timecraft.py::TestNoiseGen::test_deterministic_with_same_seed PASSED                              [ 31%]
timecraft/test_timecraft.py::TestNoiseGen::test_different_seeds_differ PASSED                                    [ 32%]
timecraft/test_timecraft.py::TestNoiseGen::test_get_height_returns_float PASSED                                  [ 34%]
timecraft/test_timecraft.py::TestNoiseGen::test_height_in_reasonable_range PASSED                                [ 35%]
timecraft/test_timecraft.py::TestNoiseGen::test_height_varies_across_map PASSED                                  [ 36%]
timecraft/test_timecraft.py::TestNoiseGen::test_lerp_at_one PASSED                                               [ 37%]
timecraft/test_timecraft.py::TestNoiseGen::test_lerp_at_zero PASSED                                              [ 38%]
timecraft/test_timecraft.py::TestNoiseGen::test_lerp_bounds PASSED                                               [ 39%]
timecraft/test_timecraft.py::TestNoiseGen::test_noise_params_defaults PASSED                                     [ 40%]
timecraft/test_timecraft.py::TestQuadIndices::test_all_indices_in_range PASSED                                   [ 41%]
timecraft/test_timecraft.py::TestQuadIndices::test_each_face_covers_4_unique_verts PASSED                        [ 42%]
timecraft/test_timecraft.py::TestQuadIndices::test_each_face_two_triangles PASSED                                [ 43%]
timecraft/test_timecraft.py::TestQuadIndices::test_length PASSED                                                 [ 44%]
timecraft/test_timecraft.py::TestModelWorld::test_add_block PASSED                                               [ 45%]
timecraft/test_timecraft.py::TestModelWorld::test_add_block_stores_texture PASSED                                [ 46%]
timecraft/test_timecraft.py::TestModelWorld::test_add_overwrites_existing PASSED                                 [ 47%]
timecraft/test_timecraft.py::TestModelWorld::test_blocks_in_different_sectors PASSED                             [ 48%]
timecraft/test_timecraft.py::TestModelWorld::test_initial_world_empty PASSED                                     [ 49%]
timecraft/test_timecraft.py::TestModelWorld::test_multiple_blocks_same_sector PASSED                             [ 50%]
timecraft/test_timecraft.py::TestModelWorld::test_remove_block PASSED                                            [ 51%]
timecraft/test_timecraft.py::TestModelWorld::test_sector_assignment PASSED                                       [ 52%]
timecraft/test_timecraft.py::TestModelWorld::test_sector_removal PASSED                                          [ 53%]
timecraft/test_timecraft.py::TestModelExposed::test_fully_enclosed_block_not_exposed PASSED                      [ 54%]
timecraft/test_timecraft.py::TestModelExposed::test_isolated_block_is_exposed PASSED                             [ 55%]
timecraft/test_timecraft.py::TestModelExposed::test_partially_enclosed_still_exposed PASSED                      [ 56%]
timecraft/test_timecraft.py::TestModelHitTest::test_direction_specificity PASSED                                 [ 57%]
timecraft/test_timecraft.py::TestModelHitTest::test_hit_in_correct_direction PASSED                              [ 58%]
timecraft/test_timecraft.py::TestModelHitTest::test_hit_within_max_distance PASSED                               [ 59%]
timecraft/test_timecraft.py::TestModelHitTest::test_hits_block_directly_ahead PASSED                             [ 60%]
timecraft/test_timecraft.py::TestModelHitTest::test_max_distance_respected PASSED                                [ 61%]
timecraft/test_timecraft.py::TestModelHitTest::test_miss_returns_none_none PASSED                                [ 62%]
timecraft/test_timecraft.py::TestModelHitTest::test_previous_is_adjacent PASSED                                  [ 63%]
timecraft/test_timecraft.py::TestModelQueue::test_dequeue_calls_function PASSED                                  [ 64%]
timecraft/test_timecraft.py::TestModelQueue::test_enqueue_adds_item PASSED                                       [ 65%]
timecraft/test_timecraft.py::TestModelQueue::test_process_entire_queue_drains PASSED                             [ 67%]
timecraft/test_timecraft.py::TestModelQueue::test_process_queue_advances_game_time PASSED                        [ 68%]
timecraft/test_timecraft.py::TestModelQueue::test_queue_starts_empty PASSED                                      [ 69%]
timecraft/test_timecraft.py::TestModelQueue::test_show_block_enqueues_when_not_immediate PASSED                  [ 70%]
timecraft/test_timecraft.py::TestModelSectors::test_change_sectors_shows_new PASSED                              [ 71%]
timecraft/test_timecraft.py::TestModelSectors::test_hide_sector_clears_shown PASSED                              [ 72%]
timecraft/test_timecraft.py::TestModelSectors::test_show_sector_marks_exposed_blocks PASSED                      [ 73%]
timecraft/test_timecraft.py::TestCollisionHelpers::test_block_lookup_uses_normalized_pos PASSED                  [ 74%]
timecraft/test_timecraft.py::TestCollisionHelpers::test_player_position_normalizes_to_block PASSED               [ 75%]
timecraft/test_timecraft.py::TestModelSaveLoad::test_delete_save PASSED                                          [ 76%]
timecraft/test_timecraft.py::TestModelSaveLoad::test_delete_save_no_file_no_error PASSED                         [ 77%]
timecraft/test_timecraft.py::TestModelSaveLoad::test_load_block_count_matches PASSED                             [ 78%]
timecraft/test_timecraft.py::TestModelSaveLoad::test_load_restores_blocks PASSED                                 [ 79%]
timecraft/test_timecraft.py::TestModelSaveLoad::test_save_creates_file PASSED                                    [ 80%]
timecraft/test_timecraft.py::TestModelSaveLoad::test_save_format PASSED                                          [ 81%]
timecraft/test_timecraft.py::TestModelSaveLoad::test_save_returns_block_count PASSED                             [ 82%]
timecraft/test_timecraft.py::TestModelSaveLoad::test_texture_lookup_roundtrip PASSED                             [ 83%]
timecraft/test_timecraft.py::TestModelSpawnPoint::test_spawn_above_ground PASSED                                 [ 84%]
timecraft/test_timecraft.py::TestModelSpawnPoint::test_spawn_fallback_when_empty PASSED                          [ 85%]
timecraft/test_timecraft.py::TestModelSpawnPoint::test_spawn_is_floats PASSED                                    [ 86%]
timecraft/test_timecraft.py::TestModelSpawnPoint::test_spawn_returns_tuple_of_3 PASSED                           [ 87%]
timecraft/test_timecraft.py::TestModelSpawnPoint::test_spawn_skips_water PASSED                                  [ 88%]
timecraft/test_timecraft.py::TestModelSpawnPoint::test_world_size_is_128 PASSED                                  [ 89%]
timecraft/test_timecraft.py::TestNewBlocks::test_all_new_blocks_defined PASSED                                   [ 90%]
timecraft/test_timecraft.py::TestNewBlocks::test_inventory_contains_new_blocks PASSED                            [ 91%]
timecraft/test_timecraft.py::TestNewBlocks::test_new_blocks_are_lists PASSED                                     [ 92%]
timecraft/test_timecraft.py::TestNewBlocks::test_new_blocks_correct_length PASSED                                [ 93%]
timecraft/test_timecraft.py::TestNewBlocks::test_new_blocks_distinct PASSED                                      [ 94%]
timecraft/test_timecraft.py::TestNewBlocks::test_new_blocks_dont_clash_with_existing PASSED                      [ 95%]
timecraft/test_timecraft.py::TestNewBlocks::test_new_blocks_in_texture_lookup PASSED                             [ 96%]
timecraft/test_timecraft.py::TestNewBlocks::test_new_blocks_in_texture_name_map PASSED                           [ 97%]
timecraft/test_timecraft.py::TestNewBlocks::test_new_particle_colours_defined PASSED                             [ 98%]
timecraft/test_timecraft.py::TestNewBlocks::test_save_load_roundtrip_new_blocks PASSED                           [100%]

================================================= 97 passed in 0.60s ==================================================

============================================================
 TESTS PASSED
============================================================
Press any key to continue . . .