============================================================
 Testing: "TimeCraft"
 Python : "G:\Projects\Games\TimeCraft\.venv\Scripts\python.exe"
============================================================

================================================= test session starts =================================================
platform win32 -- Python 3.11.5, pytest-9.0.3, pluggy-1.6.0 -- G:\Projects\Games\TimeCraft\.venv\Scripts\python.exe
cachedir: .pytest_cache
rootdir: G:\Projects\Games\TimeCraft
collected 221 items

timecraft/test_timecraft.py::TestNormalize::test_exact_int PASSED                                                [  0%]
timecraft/test_timecraft.py::TestNormalize::test_midpoint_rounds PASSED                                          [  0%]
timecraft/test_timecraft.py::TestNormalize::test_negative PASSED                                                 [  1%]
timecraft/test_timecraft.py::TestNormalize::test_rounds_down PASSED                                              [  1%]
timecraft/test_timecraft.py::TestNormalize::test_rounds_up PASSED                                                [  2%]
timecraft/test_timecraft.py::TestNormalize::test_zero PASSED                                                     [  2%]
timecraft/test_timecraft.py::TestSectorize::test_boundary PASSED                                                 [  3%]
timecraft/test_timecraft.py::TestSectorize::test_different_sector_sizes PASSED                                   [  3%]
timecraft/test_timecraft.py::TestSectorize::test_large_coords PASSED                                             [  4%]
timecraft/test_timecraft.py::TestSectorize::test_negative_coords PASSED                                          [  4%]
timecraft/test_timecraft.py::TestSectorize::test_origin PASSED                                                   [  4%]
timecraft/test_timecraft.py::TestSectorize::test_within_sector PASSED                                            [  5%]
timecraft/test_timecraft.py::TestSectorize::test_y_always_zero PASSED                                            [  5%]
timecraft/test_timecraft.py::TestCubeVertices::test_all_faces_distinct PASSED                                    [  6%]
timecraft/test_timecraft.py::TestCubeVertices::test_offset_position PASSED                                       [  6%]
timecraft/test_timecraft.py::TestCubeVertices::test_returns_72_floats PASSED                                     [  7%]
timecraft/test_timecraft.py::TestCubeVertices::test_size_scaling PASSED                                          [  7%]
timecraft/test_timecraft.py::TestCubeVertices::test_symmetry_around_origin PASSED                                [  8%]
timecraft/test_timecraft.py::TestConfig::test_faces_are_unit_vectors PASSED                                      [  8%]
timecraft/test_timecraft.py::TestConfig::test_faces_count PASSED                                                 [  9%]
timecraft/test_timecraft.py::TestConfig::test_jump_speed_formula PASSED                                          [  9%]
timecraft/test_timecraft.py::TestConfig::test_particle_colours_are_rgba PASSED                                   [  9%]
timecraft/test_timecraft.py::TestConfig::test_physics_constants_positive PASSED                                  [ 10%]
timecraft/test_timecraft.py::TestConfig::test_sector_size_positive PASSED                                        [ 10%]
timecraft/test_timecraft.py::TestConfig::test_speed_ordering PASSED                                              [ 11%]
timecraft/test_timecraft.py::TestConfig::test_texture_coords_are_lists PASSED                                    [ 11%]
timecraft/test_timecraft.py::TestConfig::test_texture_coords_length PASSED                                       [ 12%]
timecraft/test_timecraft.py::TestConfig::test_texture_path_ends_png PASSED                                       [ 12%]
timecraft/test_timecraft.py::TestConfig::test_texture_path_is_string PASSED                                      [ 13%]
timecraft/test_timecraft.py::TestConfig::test_ticks_per_sec_positive PASSED                                      [ 13%]
timecraft/test_timecraft.py::TestNoiseGen::test_deterministic_with_same_seed PASSED                              [ 14%]
timecraft/test_timecraft.py::TestNoiseGen::test_different_seeds_differ PASSED                                    [ 14%]
timecraft/test_timecraft.py::TestNoiseGen::test_get_height_returns_float PASSED                                  [ 14%]
timecraft/test_timecraft.py::TestNoiseGen::test_height_in_reasonable_range PASSED                                [ 15%]
timecraft/test_timecraft.py::TestNoiseGen::test_height_varies_across_map PASSED                                  [ 15%]
timecraft/test_timecraft.py::TestNoiseGen::test_lerp_at_one PASSED                                               [ 16%]
timecraft/test_timecraft.py::TestNoiseGen::test_lerp_at_zero PASSED                                              [ 16%]
timecraft/test_timecraft.py::TestNoiseGen::test_lerp_bounds PASSED                                               [ 17%]
timecraft/test_timecraft.py::TestNoiseGen::test_noise_params_defaults PASSED                                     [ 17%]
timecraft/test_timecraft.py::TestQuadIndices::test_all_indices_in_range PASSED                                   [ 18%]
timecraft/test_timecraft.py::TestQuadIndices::test_each_face_covers_4_unique_verts PASSED                        [ 18%]
timecraft/test_timecraft.py::TestQuadIndices::test_each_face_two_triangles PASSED                                [ 19%]
timecraft/test_timecraft.py::TestQuadIndices::test_length PASSED                                                 [ 19%]
timecraft/test_timecraft.py::TestModelWorld::test_add_block PASSED                                               [ 19%]
timecraft/test_timecraft.py::TestModelWorld::test_add_block_stores_texture PASSED                                [ 20%]
timecraft/test_timecraft.py::TestModelWorld::test_add_overwrites_existing PASSED                                 [ 20%]
timecraft/test_timecraft.py::TestModelWorld::test_blocks_in_different_sectors PASSED                             [ 21%]
timecraft/test_timecraft.py::TestModelWorld::test_initial_world_empty PASSED                                     [ 21%]
timecraft/test_timecraft.py::TestModelWorld::test_multiple_blocks_same_sector PASSED                             [ 22%]
timecraft/test_timecraft.py::TestModelWorld::test_remove_block PASSED                                            [ 22%]
timecraft/test_timecraft.py::TestModelWorld::test_sector_assignment PASSED                                       [ 23%]
timecraft/test_timecraft.py::TestModelWorld::test_sector_removal PASSED                                          [ 23%]
timecraft/test_timecraft.py::TestModelExposed::test_fully_enclosed_block_not_exposed PASSED                      [ 23%]
timecraft/test_timecraft.py::TestModelExposed::test_isolated_block_is_exposed PASSED                             [ 24%]
timecraft/test_timecraft.py::TestModelExposed::test_partially_enclosed_still_exposed PASSED                      [ 24%]
timecraft/test_timecraft.py::TestModelHitTest::test_direction_specificity PASSED                                 [ 25%]
timecraft/test_timecraft.py::TestModelHitTest::test_hit_in_correct_direction PASSED                              [ 25%]
timecraft/test_timecraft.py::TestModelHitTest::test_hit_within_max_distance PASSED                               [ 26%]
timecraft/test_timecraft.py::TestModelHitTest::test_hits_block_directly_ahead PASSED                             [ 26%]
timecraft/test_timecraft.py::TestModelHitTest::test_max_distance_respected PASSED                                [ 27%]
timecraft/test_timecraft.py::TestModelHitTest::test_miss_returns_none_none PASSED                                [ 27%]
timecraft/test_timecraft.py::TestModelHitTest::test_previous_is_adjacent PASSED                                  [ 28%]
timecraft/test_timecraft.py::TestModelQueue::test_dequeue_calls_function PASSED                                  [ 28%]
timecraft/test_timecraft.py::TestModelQueue::test_enqueue_adds_item PASSED                                       [ 28%]
timecraft/test_timecraft.py::TestModelQueue::test_process_entire_queue_drains PASSED                             [ 29%]
timecraft/test_timecraft.py::TestModelQueue::test_process_queue_advances_game_time PASSED                        [ 29%]
timecraft/test_timecraft.py::TestModelQueue::test_queue_starts_empty PASSED                                      [ 30%]
timecraft/test_timecraft.py::TestModelQueue::test_show_block_enqueues_when_not_immediate PASSED                  [ 30%]
timecraft/test_timecraft.py::TestModelSectors::test_change_sectors_shows_new PASSED                              [ 31%]
timecraft/test_timecraft.py::TestModelSectors::test_hide_sector_clears_shown PASSED                              [ 31%]
timecraft/test_timecraft.py::TestModelSectors::test_show_sector_marks_exposed_blocks PASSED                      [ 32%]
timecraft/test_timecraft.py::TestCollisionHelpers::test_block_lookup_uses_normalized_pos PASSED                  [ 32%]
timecraft/test_timecraft.py::TestCollisionHelpers::test_player_position_normalizes_to_block PASSED               [ 33%]
timecraft/test_timecraft.py::TestModelSaveLoad::test_delete_save PASSED                                          [ 33%]
timecraft/test_timecraft.py::TestModelSaveLoad::test_delete_save_no_file_no_error PASSED                         [ 33%]
timecraft/test_timecraft.py::TestModelSaveLoad::test_load_block_count_matches PASSED                             [ 34%]
timecraft/test_timecraft.py::TestModelSaveLoad::test_load_restores_blocks PASSED                                 [ 34%]
timecraft/test_timecraft.py::TestModelSaveLoad::test_save_creates_file PASSED                                    [ 35%]
timecraft/test_timecraft.py::TestModelSaveLoad::test_save_format PASSED                                          [ 35%]
timecraft/test_timecraft.py::TestModelSaveLoad::test_save_returns_block_count PASSED                             [ 36%]
timecraft/test_timecraft.py::TestModelSaveLoad::test_texture_lookup_roundtrip PASSED                             [ 36%]
timecraft/test_timecraft.py::TestModelSpawnPoint::test_spawn_above_ground PASSED                                 [ 37%]
timecraft/test_timecraft.py::TestModelSpawnPoint::test_spawn_fallback_when_empty PASSED                          [ 37%]
timecraft/test_timecraft.py::TestModelSpawnPoint::test_spawn_is_floats PASSED                                    [ 38%]
timecraft/test_timecraft.py::TestModelSpawnPoint::test_spawn_returns_tuple_of_3 PASSED                           [ 38%]
timecraft/test_timecraft.py::TestModelSpawnPoint::test_spawn_skips_water PASSED                                  [ 38%]
timecraft/test_timecraft.py::TestModelSpawnPoint::test_world_size_is_128 PASSED                                  [ 39%]
timecraft/test_timecraft.py::TestNewBlocks::test_all_new_blocks_defined PASSED                                   [ 39%]
timecraft/test_timecraft.py::TestNewBlocks::test_inventory_contains_new_blocks PASSED                            [ 40%]
timecraft/test_timecraft.py::TestNewBlocks::test_new_blocks_are_lists PASSED                                     [ 40%]
timecraft/test_timecraft.py::TestNewBlocks::test_new_blocks_correct_length PASSED                                [ 41%]
timecraft/test_timecraft.py::TestNewBlocks::test_new_blocks_distinct PASSED                                      [ 41%]
timecraft/test_timecraft.py::TestNewBlocks::test_new_blocks_dont_clash_with_existing PASSED                      [ 42%]
timecraft/test_timecraft.py::TestNewBlocks::test_new_blocks_in_texture_lookup PASSED                             [ 42%]
timecraft/test_timecraft.py::TestNewBlocks::test_new_blocks_in_texture_name_map PASSED                           [ 42%]
timecraft/test_timecraft.py::TestNewBlocks::test_new_particle_colours_defined PASSED                             [ 43%]
timecraft/test_timecraft.py::TestNewBlocks::test_save_load_roundtrip_new_blocks PASSED                           [ 43%]
timecraft/test_timecraft.py::TestParticle::test_alive_at_birth PASSED                                            [ 44%]
timecraft/test_timecraft.py::TestParticle::test_alpha_fraction_one_at_death PASSED                               [ 44%]
timecraft/test_timecraft.py::TestParticle::test_alpha_fraction_zero_at_birth PASSED                              [ 45%]
timecraft/test_timecraft.py::TestParticle::test_colour_stored_correctly PASSED                                   [ 45%]
timecraft/test_timecraft.py::TestParticle::test_custom_lifetime PASSED                                           [ 46%]
timecraft/test_timecraft.py::TestParticle::test_dead_after_full_lifetime PASSED                                  [ 46%]
timecraft/test_timecraft.py::TestParticle::test_gravity_pulls_down PASSED                                        [ 47%]
timecraft/test_timecraft.py::TestParticle::test_update_advances_age PASSED                                       [ 47%]
timecraft/test_timecraft.py::TestParticle::test_update_moves_position PASSED                                     [ 47%]
timecraft/test_timecraft.py::TestParticle::test_upward_velocity_decelerates PASSED                               [ 48%]
timecraft/test_timecraft.py::TestParticleConfig::test_all_block_types_in_particle_map PASSED                     [ 48%]
timecraft/test_timecraft.py::TestParticleConfig::test_particle_colours_are_rgba_tuples PASSED                    [ 49%]
timecraft/test_timecraft.py::TestParticleConfig::test_particle_count_positive PASSED                             [ 49%]
timecraft/test_timecraft.py::TestParticleConfig::test_particle_gravity_positive PASSED                           [ 50%]
timecraft/test_timecraft.py::TestParticleConfig::test_particle_lifetime_positive PASSED                          [ 50%]
timecraft/test_timecraft.py::TestParticleConfig::test_particle_map_has_correct_entry_count PASSED                [ 51%]
timecraft/test_timecraft.py::TestParticleConfig::test_particle_size_positive PASSED                              [ 51%]
timecraft/test_timecraft.py::TestParticleConfig::test_particle_speed_positive PASSED                             [ 52%]
timecraft/test_timecraft.py::TestModelParticles::test_glass_block_gets_glass_colour PASSED                       [ 52%]
timecraft/test_timecraft.py::TestModelParticles::test_multiple_spawns_accumulate PASSED                          [ 52%]
timecraft/test_timecraft.py::TestModelParticles::test_particles_have_upward_bias PASSED                          [ 53%]
timecraft/test_timecraft.py::TestModelParticles::test_particles_list_starts_empty PASSED                         [ 53%]
timecraft/test_timecraft.py::TestModelParticles::test_remove_block_triggers_spawn PASSED                         [ 54%]
timecraft/test_timecraft.py::TestModelParticles::test_snow_block_gets_snow_colour PASSED                         [ 54%]
timecraft/test_timecraft.py::TestModelParticles::test_spawn_adds_particles PASSED                                [ 55%]
timecraft/test_timecraft.py::TestModelParticles::test_spawn_correct_count PASSED                                 [ 55%]
timecraft/test_timecraft.py::TestModelParticles::test_spawn_near_block_position PASSED                           [ 56%]
timecraft/test_timecraft.py::TestModelParticles::test_spawn_on_missing_position_is_noop PASSED                   [ 56%]
timecraft/test_timecraft.py::TestModelParticles::test_spawn_uses_block_colour PASSED                             [ 57%]
timecraft/test_timecraft.py::TestModelParticles::test_update_particles_advances_age PASSED                       [ 57%]
timecraft/test_timecraft.py::TestModelParticles::test_update_particles_keeps_live_ones PASSED                    [ 57%]
timecraft/test_timecraft.py::TestModelParticles::test_update_particles_removes_dead PASSED                       [ 58%]
timecraft/test_timecraft.py::TestAOConfig::test_ao_neighbours_has_24_entries PASSED                              [ 58%]
timecraft/test_timecraft.py::TestAOConfig::test_ao_step_positive PASSED                                          [ 59%]
timecraft/test_timecraft.py::TestAOConfig::test_bottom_face_is_darkest PASSED                                    [ 59%]
timecraft/test_timecraft.py::TestAOConfig::test_each_neighbour_entry_has_three_offsets PASSED                    [ 60%]
timecraft/test_timecraft.py::TestAOConfig::test_each_offset_is_integer_triple PASSED                             [ 60%]
timecraft/test_timecraft.py::TestAOConfig::test_face_base_has_six_entries PASSED                                 [ 61%]
timecraft/test_timecraft.py::TestAOConfig::test_face_base_values_in_range PASSED                                 [ 61%]
timecraft/test_timecraft.py::TestAOConfig::test_max_darkening_stays_above_zero PASSED                            [ 61%]
timecraft/test_timecraft.py::TestAOConfig::test_top_face_is_brightest PASSED                                     [ 62%]
timecraft/test_timecraft.py::TestComputeAO::test_all_values_floats PASSED                                        [ 62%]
timecraft/test_timecraft.py::TestComputeAO::test_ao_neighbours_table_length PASSED                               [ 63%]
timecraft/test_timecraft.py::TestComputeAO::test_darkening_magnitude_one_neighbour PASSED                        [ 63%]
timecraft/test_timecraft.py::TestComputeAO::test_isolated_block_bottom_face_is_min PASSED                        [ 64%]
timecraft/test_timecraft.py::TestComputeAO::test_isolated_block_side_faces_correct PASSED                        [ 64%]
timecraft/test_timecraft.py::TestComputeAO::test_isolated_block_top_face_is_max PASSED                           [ 65%]
timecraft/test_timecraft.py::TestComputeAO::test_neighbour_above_right_darkens_top_corner PASSED                 [ 65%]
timecraft/test_timecraft.py::TestComputeAO::test_no_values_below_zero PASSED                                     [ 66%]
timecraft/test_timecraft.py::TestComputeAO::test_position_offset_works_correctly PASSED                          [ 66%]
timecraft/test_timecraft.py::TestComputeAO::test_returns_24_values PASSED                                        [ 66%]
timecraft/test_timecraft.py::TestComputeAO::test_symmetric_neighbours_produce_uniform_darkening PASSED           [ 67%]
timecraft/test_timecraft.py::TestComputeAO::test_values_in_range PASSED                                          [ 67%]
timecraft/test_timecraft.py::TestComputeAO::test_world_without_block_itself PASSED                               [ 68%]
timecraft/test_timecraft.py::TestHotbarConfig::test_all_inventory_blocks_in_atlas_map PASSED                     [ 68%]
timecraft/test_timecraft.py::TestHotbarConfig::test_atlas_cell_map_has_14_entries PASSED                         [ 69%]
timecraft/test_timecraft.py::TestHotbarConfig::test_atlas_cells_are_tuples_of_two_ints PASSED                    [ 69%]
timecraft/test_timecraft.py::TestHotbarConfig::test_atlas_cells_are_valid_coords PASSED                          [ 70%]
timecraft/test_timecraft.py::TestHotbarConfig::test_grass_top_face_cell PASSED                                   [ 70%]
timecraft/test_timecraft.py::TestHotbarConfig::test_hotbar_y_non_negative PASSED                                 [ 71%]
timecraft/test_timecraft.py::TestHotbarConfig::test_icon_fits_in_slot PASSED                                     [ 71%]
timecraft/test_timecraft.py::TestHotbarConfig::test_icon_pad_non_negative PASSED                                 [ 71%]
timecraft/test_timecraft.py::TestHotbarConfig::test_no_duplicate_atlas_cells_in_inventory PASSED                 [ 72%]
timecraft/test_timecraft.py::TestHotbarConfig::test_padding_non_negative PASSED                                  [ 72%]
timecraft/test_timecraft.py::TestHotbarConfig::test_slot_size_positive PASSED                                    [ 73%]
timecraft/test_timecraft.py::TestHotbarConfig::test_snow_top_face_cell PASSED                                    [ 73%]
timecraft/test_timecraft.py::TestHotbarConfig::test_stone_cell PASSED                                            [ 74%]
timecraft/test_timecraft.py::TestHotbarInventory::test_all_slots_distinct PASSED                                 [ 74%]
timecraft/test_timecraft.py::TestHotbarInventory::test_hotbar_total_width_calculation PASSED                     [ 75%]
timecraft/test_timecraft.py::TestHotbarInventory::test_inventory_has_12_slots PASSED                             [ 75%]
timecraft/test_timecraft.py::TestHotbarInventory::test_num_key_index_calculation PASSED                          [ 76%]
timecraft/test_timecraft.py::TestHotbarInventory::test_scroll_backward_wraps PASSED                              [ 76%]
timecraft/test_timecraft.py::TestHotbarInventory::test_scroll_forward_wraps PASSED                               [ 76%]
timecraft/test_timecraft.py::TestHotbarInventory::test_scroll_wraps_from_last_to_first PASSED                    [ 77%]
timecraft/test_timecraft.py::TestHotbarInventory::test_slot_x_positions_non_overlapping PASSED                   [ 77%]
timecraft/test_timecraft.py::TestDayNightConfig::test_day_length_positive PASSED                                 [ 78%]
timecraft/test_timecraft.py::TestDayNightConfig::test_day_sky_is_bluest PASSED                                   [ 78%]
timecraft/test_timecraft.py::TestDayNightConfig::test_night_sky_is_darkest PASSED                                [ 79%]
timecraft/test_timecraft.py::TestDayNightConfig::test_sky_colour_channels_in_range PASSED                        [ 79%]
timecraft/test_timecraft.py::TestDayNightConfig::test_sky_colours_are_tuples_of_three PASSED                     [ 80%]
timecraft/test_timecraft.py::TestDayNightConfig::test_sun_min_brightness_in_range PASSED                         [ 80%]
timecraft/test_timecraft.py::TestSunBrightness::test_always_at_least_min_brightness PASSED                       [ 80%]
timecraft/test_timecraft.py::TestSunBrightness::test_midnight_is_minimum PASSED                                  [ 81%]
timecraft/test_timecraft.py::TestSunBrightness::test_morning_brighter_than_midnight PASSED                       [ 81%]
timecraft/test_timecraft.py::TestSunBrightness::test_never_exceeds_one PASSED                                    [ 82%]
timecraft/test_timecraft.py::TestSunBrightness::test_noon_is_maximum PASSED                                      [ 82%]
timecraft/test_timecraft.py::TestSunBrightness::test_returns_float PASSED                                        [ 83%]
timecraft/test_timecraft.py::TestSunBrightness::test_symmetric_around_noon PASSED                                [ 83%]
timecraft/test_timecraft.py::TestSunBrightness::test_wraps_correctly_over_multiple_days PASSED                   [ 84%]
timecraft/test_timecraft.py::TestSkyColour::test_channels_in_range PASSED                                        [ 84%]
timecraft/test_timecraft.py::TestSkyColour::test_continuous_no_sudden_jumps PASSED                               [ 85%]
timecraft/test_timecraft.py::TestSkyColour::test_dawn_matches_sky_dawn PASSED                                    [ 85%]
timecraft/test_timecraft.py::TestSkyColour::test_dusk_matches_sky_dusk PASSED                                    [ 85%]
timecraft/test_timecraft.py::TestSkyColour::test_midday_is_bluest_period PASSED                                  [ 86%]
timecraft/test_timecraft.py::TestSkyColour::test_midday_matches_sky_day PASSED                                   [ 86%]
timecraft/test_timecraft.py::TestSkyColour::test_midnight_matches_sky_night PASSED                               [ 87%]
timecraft/test_timecraft.py::TestSkyColour::test_morning_brighter_than_night PASSED                              [ 87%]
timecraft/test_timecraft.py::TestSkyColour::test_returns_tuple_of_three PASSED                                   [ 88%]
timecraft/test_timecraft.py::TestSkyColour::test_wraps_correctly PASSED                                          [ 88%]
timecraft/test_timecraft.py::TestExtractFrustumPlanes::test_different_view_directions_give_different_planes PASSED [ 89%]
timecraft/test_timecraft.py::TestExtractFrustumPlanes::test_each_plane_is_tuple_of_four PASSED                   [ 89%]
timecraft/test_timecraft.py::TestExtractFrustumPlanes::test_planes_are_normalised PASSED                         [ 90%]
timecraft/test_timecraft.py::TestExtractFrustumPlanes::test_point_ahead_is_inside_all_planes PASSED              [ 90%]
timecraft/test_timecraft.py::TestExtractFrustumPlanes::test_point_beyond_far_plane_is_outside PASSED             [ 90%]
timecraft/test_timecraft.py::TestExtractFrustumPlanes::test_point_directly_behind_is_outside PASSED              [ 91%]
timecraft/test_timecraft.py::TestExtractFrustumPlanes::test_returns_six_planes PASSED                            [ 91%]
timecraft/test_timecraft.py::TestAABBOutsideFrustum::test_box_ahead_is_not_culled PASSED                         [ 92%]
timecraft/test_timecraft.py::TestAABBOutsideFrustum::test_box_behind_is_culled PASSED                            [ 92%]
timecraft/test_timecraft.py::TestAABBOutsideFrustum::test_box_beyond_far_plane_is_culled PASSED                  [ 93%]
timecraft/test_timecraft.py::TestAABBOutsideFrustum::test_box_straddling_near_is_not_culled PASSED               [ 93%]
timecraft/test_timecraft.py::TestAABBOutsideFrustum::test_large_box_enclosing_frustum_is_not_culled PASSED       [ 94%]
timecraft/test_timecraft.py::TestAABBOutsideFrustum::test_returns_bool PASSED                                    [ 94%]
timecraft/test_timecraft.py::TestSectorAABB::test_min_less_than_max PASSED                                       [ 95%]
timecraft/test_timecraft.py::TestSectorAABB::test_origin_sector PASSED                                           [ 95%]
timecraft/test_timecraft.py::TestSectorAABB::test_returns_six_values PASSED                                      [ 95%]
timecraft/test_timecraft.py::TestSectorAABB::test_sector_coords_scale_correctly PASSED                           [ 96%]
timecraft/test_timecraft.py::TestSectorAABB::test_sector_size_matches_config PASSED                              [ 96%]
timecraft/test_timecraft.py::TestSectorAABB::test_y_spans_world_height PASSED                                    [ 97%]
timecraft/test_timecraft.py::TestModelFrustum::test_frustum_planes_start_none PASSED                             [ 97%]
timecraft/test_timecraft.py::TestModelFrustum::test_set_frustum_stores_planes PASSED                             [ 98%]
timecraft/test_timecraft.py::TestModelFrustum::test_set_frustum_updates_each_call PASSED                         [ 98%]
timecraft/test_timecraft.py::TestModelFrustum::test_show_sector_shows_visible_sector PASSED                      [ 99%]
timecraft/test_timecraft.py::TestModelFrustum::test_show_sector_skips_culled_sector PASSED                       [ 99%]
timecraft/test_timecraft.py::TestModelFrustum::test_show_sector_works_without_frustum PASSED                     [100%]

================================================= 221 passed in 2.17s =================================================

============================================================
 TESTS PASSED
============================================================
Press any key to continue . . .